c:\users\ludovic\documents\projets\meshviewer-init\myproj\release\vc143.pdb
c:\users\ludovic\documents\projets\meshviewer-init\myproj\release\myvector3d.obj
c:\users\ludovic\documents\projets\meshviewer-init\myproj\release\mypoint3d.obj
c:\users\ludovic\documents\projets\meshviewer-init\myproj\release\myvertex.obj
c:\users\ludovic\documents\projets\meshviewer-init\myproj\release\mymesh.obj
c:\users\ludovic\documents\projets\meshviewer-init\myproj\release\myhalfedge.obj
c:\users\ludovic\documents\projets\meshviewer-init\myproj\release\myface.obj
c:\users\ludovic\documents\projets\meshviewer-init\myproj\release\main.obj
c:\users\ludovic\documents\projets\meshviewer-init\release\myproj.exe
c:\users\ludovic\documents\projets\meshviewer-init\release\myproj.pdb
c:\users\ludovic\documents\projets\meshviewer-init\myproj\release\myproj.ipdb
c:\users\ludovic\documents\projets\meshviewer-init\myproj\release\myproj.iobj
c:\users\ludovic\documents\projets\meshviewer-init\myproj\release\myproj.tlog\cl.command.1.tlog
c:\users\ludovic\documents\projets\meshviewer-init\myproj\release\myproj.tlog\cl.items.tlog
c:\users\ludovic\documents\projets\meshviewer-init\myproj\release\myproj.tlog\cl.read.1.tlog
c:\users\ludovic\documents\projets\meshviewer-init\myproj\release\myproj.tlog\cl.write.1.tlog
c:\users\ludovic\documents\projets\meshviewer-init\myproj\release\myproj.tlog\link.command.1.tlog
c:\users\ludovic\documents\projets\meshviewer-init\myproj\release\myproj.tlog\link.read.1.tlog
c:\users\ludovic\documents\projets\meshviewer-init\myproj\release\myproj.tlog\link.secondary.1.tlog
c:\users\ludovic\documents\projets\meshviewer-init\myproj\release\myproj.tlog\link.write.1.tlog
